{"D:\\test\\mini-babel\\src\\parser.ts": {"path":"D:\\test\\mini-babel\\src\\parser.ts","statementMap":{"0":{"start":{"line":7,"column":16},"end":{"line":7,"column":17}},"1":{"start":{"line":10,"column":16},"end":{"line":10,"column":31}},"2":{"start":{"line":12,"column":4},"end":{"line":19,"column":null}},"3":{"start":{"line":13,"column":6},"end":{"line":13,"column":null}},"4":{"start":{"line":15,"column":6},"end":{"line":18,"column":null}},"5":{"start":{"line":21,"column":4},"end":{"line":28,"column":null}},"6":{"start":{"line":22,"column":6},"end":{"line":22,"column":null}},"7":{"start":{"line":24,"column":6},"end":{"line":27,"column":null}},"8":{"start":{"line":30,"column":4},"end":{"line":50,"column":null}},"9":{"start":{"line":31,"column":6},"end":{"line":31,"column":null}},"10":{"start":{"line":33,"column":33},"end":{"line":37,"column":null}},"11":{"start":{"line":39,"column":6},"end":{"line":39,"column":32}},"12":{"start":{"line":41,"column":6},"end":{"line":47,"column":null}},"13":{"start":{"line":45,"column":8},"end":{"line":45,"column":null}},"14":{"start":{"line":46,"column":8},"end":{"line":46,"column":null}},"15":{"start":{"line":48,"column":6},"end":{"line":48,"column":null}},"16":{"start":{"line":49,"column":6},"end":{"line":49,"column":null}},"17":{"start":{"line":52,"column":4},"end":{"line":52,"column":null}},"18":{"start":{"line":55,"column":21},"end":{"line":58,"column":null}},"19":{"start":{"line":60,"column":2},"end":{"line":62,"column":null}},"20":{"start":{"line":61,"column":4},"end":{"line":61,"column":null}},"21":{"start":{"line":64,"column":2},"end":{"line":64,"column":null}},"22":{"start":{"line":6,"column":0},"end":{"line":6,"column":24}}},"fnMap":{"0":{"name":"parser","decl":{"start":{"line":6,"column":24},"end":{"line":6,"column":30}},"loc":{"start":{"line":6,"column":49},"end":{"line":65,"column":1}}},"1":{"name":"walk","decl":{"start":{"line":9,"column":11},"end":{"line":9,"column":15}},"loc":{"start":{"line":9,"column":15},"end":{"line":53,"column":3}}}},"branchMap":{"0":{"loc":{"start":{"line":12,"column":4},"end":{"line":19,"column":null}},"type":"if","locations":[{"start":{"line":12,"column":4},"end":{"line":19,"column":null}},{"start":{"line":12,"column":4},"end":{"line":19,"column":null}}]},"1":{"loc":{"start":{"line":21,"column":4},"end":{"line":28,"column":null}},"type":"if","locations":[{"start":{"line":21,"column":4},"end":{"line":28,"column":null}},{"start":{"line":21,"column":4},"end":{"line":28,"column":null}}]},"2":{"loc":{"start":{"line":30,"column":4},"end":{"line":50,"column":null}},"type":"if","locations":[{"start":{"line":30,"column":4},"end":{"line":50,"column":null}},{"start":{"line":30,"column":4},"end":{"line":50,"column":null}}]},"3":{"loc":{"start":{"line":30,"column":7},"end":{"line":30,"column":28}},"type":"binary-expr","locations":[{"start":{"line":30,"column":7},"end":{"line":30,"column":28}},{"start":{"line":30,"column":32},"end":{"line":30,"column":51}}]},"4":{"loc":{"start":{"line":42,"column":8},"end":{"line":42,"column":30}},"type":"binary-expr","locations":[{"start":{"line":42,"column":8},"end":{"line":42,"column":30}},{"start":{"line":43,"column":8},"end":{"line":43,"column":30}},{"start":{"line":43,"column":34},"end":{"line":43,"column":53}}]}},"s":{"0":2,"1":7,"2":7,"3":3,"4":3,"5":4,"6":1,"7":1,"8":3,"9":2,"10":2,"11":2,"12":2,"13":4,"14":4,"15":2,"16":2,"17":1,"18":2,"19":2,"20":3,"21":1,"22":1},"f":{"0":2,"1":7},"b":{"0":[3,4],"1":[1,3],"2":[2,1],"3":[3,2],"4":[6,3,3]}}
,"D:\\test\\mini-babel\\src\\tokenizer.ts": {"path":"D:\\test\\mini-babel\\src\\tokenizer.ts","statementMap":{"0":{"start":{"line":5,"column":14},"end":{"line":5,"column":38}},"1":{"start":{"line":7,"column":25},"end":{"line":7,"column":29}},"2":{"start":{"line":8,"column":19},"end":{"line":8,"column":26}},"3":{"start":{"line":9,"column":16},"end":{"line":9,"column":24}},"4":{"start":{"line":12,"column":16},"end":{"line":12,"column":17}},"5":{"start":{"line":13,"column":26},"end":{"line":13,"column":28}},"6":{"start":{"line":15,"column":2},"end":{"line":85,"column":null}},"7":{"start":{"line":16,"column":15},"end":{"line":16,"column":29}},"8":{"start":{"line":18,"column":4},"end":{"line":26,"column":null}},"9":{"start":{"line":19,"column":6},"end":{"line":22,"column":9}},"10":{"start":{"line":24,"column":6},"end":{"line":24,"column":16}},"11":{"start":{"line":25,"column":6},"end":{"line":25,"column":15}},"12":{"start":{"line":28,"column":4},"end":{"line":36,"column":null}},"13":{"start":{"line":29,"column":6},"end":{"line":32,"column":9}},"14":{"start":{"line":34,"column":6},"end":{"line":34,"column":16}},"15":{"start":{"line":35,"column":6},"end":{"line":35,"column":15}},"16":{"start":{"line":38,"column":4},"end":{"line":41,"column":null}},"17":{"start":{"line":39,"column":6},"end":{"line":39,"column":16}},"18":{"start":{"line":40,"column":6},"end":{"line":40,"column":15}},"19":{"start":{"line":43,"column":4},"end":{"line":54,"column":null}},"20":{"start":{"line":44,"column":18},"end":{"line":44,"column":20}},"21":{"start":{"line":45,"column":6},"end":{"line":48,"column":null}},"22":{"start":{"line":46,"column":8},"end":{"line":46,"column":29}},"23":{"start":{"line":47,"column":8},"end":{"line":47,"column":32}},"24":{"start":{"line":49,"column":6},"end":{"line":52,"column":9}},"25":{"start":{"line":53,"column":6},"end":{"line":53,"column":15}},"26":{"start":{"line":56,"column":4},"end":{"line":69,"column":null}},"27":{"start":{"line":57,"column":18},"end":{"line":57,"column":20}},"28":{"start":{"line":58,"column":6},"end":{"line":58,"column":30}},"29":{"start":{"line":59,"column":6},"end":{"line":62,"column":null}},"30":{"start":{"line":60,"column":8},"end":{"line":60,"column":29}},"31":{"start":{"line":61,"column":8},"end":{"line":61,"column":32}},"32":{"start":{"line":63,"column":6},"end":{"line":63,"column":30}},"33":{"start":{"line":64,"column":6},"end":{"line":67,"column":9}},"34":{"start":{"line":68,"column":6},"end":{"line":68,"column":15}},"35":{"start":{"line":71,"column":4},"end":{"line":82,"column":null}},"36":{"start":{"line":72,"column":18},"end":{"line":72,"column":20}},"37":{"start":{"line":73,"column":6},"end":{"line":76,"column":null}},"38":{"start":{"line":74,"column":8},"end":{"line":74,"column":29}},"39":{"start":{"line":75,"column":8},"end":{"line":75,"column":32}},"40":{"start":{"line":77,"column":6},"end":{"line":80,"column":9}},"41":{"start":{"line":81,"column":6},"end":{"line":81,"column":15}},"42":{"start":{"line":84,"column":4},"end":{"line":84,"column":71}},"43":{"start":{"line":87,"column":2},"end":{"line":87,"column":15}},"44":{"start":{"line":11,"column":0},"end":{"line":11,"column":24}}},"fnMap":{"0":{"name":"tokenizer","decl":{"start":{"line":11,"column":24},"end":{"line":11,"column":33}},"loc":{"start":{"line":11,"column":47},"end":{"line":88,"column":1}}}},"branchMap":{"0":{"loc":{"start":{"line":18,"column":4},"end":{"line":26,"column":null}},"type":"if","locations":[{"start":{"line":18,"column":4},"end":{"line":26,"column":null}},{"start":{"line":18,"column":4},"end":{"line":26,"column":null}}]},"1":{"loc":{"start":{"line":28,"column":4},"end":{"line":36,"column":null}},"type":"if","locations":[{"start":{"line":28,"column":4},"end":{"line":36,"column":null}},{"start":{"line":28,"column":4},"end":{"line":36,"column":null}}]},"2":{"loc":{"start":{"line":38,"column":4},"end":{"line":41,"column":null}},"type":"if","locations":[{"start":{"line":38,"column":4},"end":{"line":41,"column":null}},{"start":{"line":38,"column":4},"end":{"line":41,"column":null}}]},"3":{"loc":{"start":{"line":43,"column":4},"end":{"line":54,"column":null}},"type":"if","locations":[{"start":{"line":43,"column":4},"end":{"line":54,"column":null}},{"start":{"line":43,"column":4},"end":{"line":54,"column":null}}]},"4":{"loc":{"start":{"line":56,"column":4},"end":{"line":69,"column":null}},"type":"if","locations":[{"start":{"line":56,"column":4},"end":{"line":69,"column":null}},{"start":{"line":56,"column":4},"end":{"line":69,"column":null}}]},"5":{"loc":{"start":{"line":56,"column":8},"end":{"line":56,"column":20}},"type":"binary-expr","locations":[{"start":{"line":56,"column":8},"end":{"line":56,"column":20}},{"start":{"line":56,"column":24},"end":{"line":56,"column":36}}]},"6":{"loc":{"start":{"line":59,"column":13},"end":{"line":59,"column":25}},"type":"binary-expr","locations":[{"start":{"line":59,"column":13},"end":{"line":59,"column":25}},{"start":{"line":59,"column":29},"end":{"line":59,"column":41}}]},"7":{"loc":{"start":{"line":71,"column":4},"end":{"line":82,"column":null}},"type":"if","locations":[{"start":{"line":71,"column":4},"end":{"line":82,"column":null}},{"start":{"line":71,"column":4},"end":{"line":82,"column":null}}]}},"s":{"0":1,"1":1,"2":1,"3":1,"4":2,"5":2,"6":2,"7":14,"8":14,"9":2,"10":2,"11":2,"12":12,"13":2,"14":2,"15":2,"16":10,"17":4,"18":4,"19":6,"20":3,"21":3,"22":3,"23":3,"24":3,"25":3,"26":3,"27":1,"28":1,"29":1,"30":3,"31":3,"32":1,"33":1,"34":1,"35":2,"36":1,"37":1,"38":8,"39":8,"40":1,"41":1,"42":1,"43":1,"44":1},"f":{"0":2},"b":{"0":[2,12],"1":[2,10],"2":[4,6],"3":[3,3],"4":[1,2],"5":[3,3],"6":[4,4],"7":[1,1]}}
,"D:\\test\\mini-babel\\src\\transformer.ts": {"path":"D:\\test\\mini-babel\\src\\transformer.ts","statementMap":{"0":{"start":{"line":2,"column":0},"end":{"line":2,"column":35}},"1":{"start":{"line":5,"column":24},"end":{"line":8,"column":null}},"2":{"start":{"line":10,"column":14},"end":{"line":12,"column":null}},"3":{"start":{"line":15,"column":2},"end":{"line":64,"column":null}},"4":{"start":{"line":18,"column":8},"end":{"line":21,"column":null}},"5":{"start":{"line":27,"column":8},"end":{"line":30,"column":null}},"6":{"start":{"line":38,"column":30},"end":{"line":45,"column":null}},"7":{"start":{"line":47,"column":8},"end":{"line":47,"column":null}},"8":{"start":{"line":49,"column":8},"end":{"line":57,"column":null}},"9":{"start":{"line":53,"column":10},"end":{"line":56,"column":null}},"10":{"start":{"line":59,"column":8},"end":{"line":59,"column":null}},"11":{"start":{"line":66,"column":2},"end":{"line":68,"column":null}},"12":{"start":{"line":4,"column":0},"end":{"line":4,"column":24}},"13":{"start":{"line":72,"column":21},"end":{"line":92,"column":null}},"14":{"start":{"line":95,"column":0},"end":{"line":95,"column":null}}},"fnMap":{"0":{"name":"transformer","decl":{"start":{"line":4,"column":24},"end":{"line":4,"column":35}},"loc":{"start":{"line":4,"column":49},"end":{"line":70,"column":1}}},"1":{"name":"(anonymous_4)","decl":{"start":{"line":17,"column":6},"end":{"line":17,"column":11}},"loc":{"start":{"line":17,"column":37},"end":{"line":22,"column":7}}},"2":{"name":"(anonymous_5)","decl":{"start":{"line":26,"column":11},"end":{"line":26,"column":12}},"loc":{"start":{"line":26,"column":24},"end":{"line":31,"column":7}}},"3":{"name":"(anonymous_6)","decl":{"start":{"line":35,"column":6},"end":{"line":35,"column":11}},"loc":{"start":{"line":35,"column":24},"end":{"line":61,"column":7}}}},"branchMap":{"0":{"loc":{"start":{"line":18,"column":24},"end":{"line":18,"column":26}},"type":"cond-expr","locations":[{"start":{"line":18,"column":24},"end":{"line":18,"column":26}},{"start":{"line":18,"column":24},"end":{"line":21,"column":10}}]},"1":{"loc":{"start":{"line":18,"column":8},"end":{"line":18,"column":26}},"type":"binary-expr","locations":[{"start":{"line":18,"column":8},"end":{"line":18,"column":26}},{"start":{"line":18,"column":24},"end":{"line":18,"column":26}}]},"2":{"loc":{"start":{"line":18,"column":14},"end":{"line":18,"column":16}},"type":"cond-expr","locations":[{"start":{"line":18,"column":14},"end":{"line":18,"column":16}},{"start":{"line":18,"column":8},"end":{"line":18,"column":24}}]},"3":{"loc":{"start":{"line":18,"column":8},"end":{"line":18,"column":16}},"type":"binary-expr","locations":[{"start":{"line":18,"column":8},"end":{"line":18,"column":16}},{"start":{"line":18,"column":8},"end":{"line":18,"column":16}}]},"4":{"loc":{"start":{"line":27,"column":24},"end":{"line":27,"column":26}},"type":"cond-expr","locations":[{"start":{"line":27,"column":24},"end":{"line":27,"column":26}},{"start":{"line":27,"column":24},"end":{"line":30,"column":10}}]},"5":{"loc":{"start":{"line":27,"column":8},"end":{"line":27,"column":26}},"type":"binary-expr","locations":[{"start":{"line":27,"column":8},"end":{"line":27,"column":26}},{"start":{"line":27,"column":24},"end":{"line":27,"column":26}}]},"6":{"loc":{"start":{"line":27,"column":14},"end":{"line":27,"column":16}},"type":"cond-expr","locations":[{"start":{"line":27,"column":14},"end":{"line":27,"column":16}},{"start":{"line":27,"column":8},"end":{"line":27,"column":24}}]},"7":{"loc":{"start":{"line":27,"column":8},"end":{"line":27,"column":16}},"type":"binary-expr","locations":[{"start":{"line":27,"column":8},"end":{"line":27,"column":16}},{"start":{"line":27,"column":8},"end":{"line":27,"column":16}}]},"8":{"loc":{"start":{"line":49,"column":8},"end":{"line":57,"column":null}},"type":"if","locations":[{"start":{"line":49,"column":8},"end":{"line":57,"column":null}},{"start":{"line":49,"column":8},"end":{"line":57,"column":null}}]},"9":{"loc":{"start":{"line":49,"column":17},"end":{"line":49,"column":19}},"type":"cond-expr","locations":[{"start":{"line":49,"column":17},"end":{"line":49,"column":19}},{"start":{"line":49,"column":11},"end":{"line":49,"column":23}}]},"10":{"loc":{"start":{"line":49,"column":11},"end":{"line":49,"column":19}},"type":"binary-expr","locations":[{"start":{"line":49,"column":11},"end":{"line":49,"column":19}},{"start":{"line":49,"column":11},"end":{"line":49,"column":19}}]},"11":{"loc":{"start":{"line":59,"column":14},"end":{"line":59,"column":16}},"type":"cond-expr","locations":[{"start":{"line":59,"column":14},"end":{"line":59,"column":16}},{"start":{"line":59,"column":8},"end":{"line":59,"column":41}}]},"12":{"loc":{"start":{"line":59,"column":8},"end":{"line":59,"column":16}},"type":"binary-expr","locations":[{"start":{"line":59,"column":8},"end":{"line":59,"column":16}},{"start":{"line":59,"column":8},"end":{"line":59,"column":16}}]}},"s":{"0":1,"1":3,"2":3,"3":3,"4":6,"5":1,"6":4,"7":4,"8":4,"9":2,"10":4,"11":3,"12":1,"13":1,"14":1},"f":{"0":3,"1":6,"2":1,"3":4},"b":{"0":[0,6],"1":[6,6],"2":[0,6],"3":[6,6],"4":[0,1],"5":[1,1],"6":[0,1],"7":[1,1],"8":[2,2],"9":[0,4],"10":[4,4],"11":[0,4],"12":[4,4]}}
,"D:\\test\\mini-babel\\src\\traverser.ts": {"path":"D:\\test\\mini-babel\\src\\traverser.ts","statementMap":{"0":{"start":{"line":10,"column":4},"end":{"line":12,"column":null}},"1":{"start":{"line":11,"column":6},"end":{"line":11,"column":null}},"2":{"start":{"line":17,"column":18},"end":{"line":17,"column":36}},"3":{"start":{"line":20,"column":4},"end":{"line":22,"column":null}},"4":{"start":{"line":21,"column":6},"end":{"line":21,"column":null}},"5":{"start":{"line":23,"column":4},"end":{"line":33,"column":null}},"6":{"start":{"line":25,"column":8},"end":{"line":25,"column":null}},"7":{"start":{"line":26,"column":8},"end":{"line":26,"column":13}},"8":{"start":{"line":28,"column":8},"end":{"line":28,"column":null}},"9":{"start":{"line":29,"column":8},"end":{"line":29,"column":13}},"10":{"start":{"line":32,"column":8},"end":{"line":32,"column":13}},"11":{"start":{"line":40,"column":2},"end":{"line":40,"column":null}},"12":{"start":{"line":42,"column":2},"end":{"line":42,"column":null}},"13":{"start":{"line":6,"column":0},"end":{"line":6,"column":24}}},"fnMap":{"0":{"name":"traverser","decl":{"start":{"line":6,"column":24},"end":{"line":6,"column":33}},"loc":{"start":{"line":6,"column":64},"end":{"line":43,"column":1}}},"1":{"name":"traverseArray","decl":{"start":{"line":9,"column":11},"end":{"line":9,"column":24}},"loc":{"start":{"line":9,"column":65},"end":{"line":13,"column":3}}},"2":{"name":"(anonymous_2)","decl":{"start":{"line":10,"column":18},"end":{"line":10,"column":23}},"loc":{"start":{"line":10,"column":23},"end":{"line":12,"column":5}}},"3":{"name":"traverseNode","decl":{"start":{"line":15,"column":11},"end":{"line":15,"column":23}},"loc":{"start":{"line":15,"column":67},"end":{"line":38,"column":3}}}},"branchMap":{"0":{"loc":{"start":{"line":20,"column":4},"end":{"line":22,"column":null}},"type":"if","locations":[{"start":{"line":20,"column":4},"end":{"line":22,"column":null}},{"start":{"line":20,"column":4},"end":{"line":22,"column":null}}]},"1":{"loc":{"start":{"line":20,"column":7},"end":{"line":20,"column":14}},"type":"binary-expr","locations":[{"start":{"line":20,"column":7},"end":{"line":20,"column":14}},{"start":{"line":20,"column":18},"end":{"line":20,"column":31}}]},"2":{"loc":{"start":{"line":24,"column":6},"end":{"line":26,"column":13}},"type":"switch","locations":[{"start":{"line":24,"column":6},"end":{"line":26,"column":13}},{"start":{"line":27,"column":6},"end":{"line":29,"column":13}},{"start":{"line":30,"column":6},"end":{"line":30,"column":27}},{"start":{"line":31,"column":6},"end":{"line":32,"column":13}}]}},"s":{"0":7,"1":11,"2":14,"3":14,"4":11,"5":14,"6":3,"7":3,"8":4,"9":4,"10":7,"11":3,"12":3,"13":1},"f":{"0":3,"1":7,"2":11,"3":14},"b":{"0":[11,3],"1":[14,11],"2":[3,4,6,7]}}
}
