TN:
SF:src\tokenizer.ts
FN:11,tokenizer
FNF:1
FNH:1
FNDA:2,tokenizer
DA:5,1
DA:7,1
DA:8,1
DA:9,1
DA:11,1
DA:12,2
DA:13,2
DA:15,2
DA:16,14
DA:18,14
DA:19,2
DA:24,2
DA:25,2
DA:28,12
DA:29,2
DA:34,2
DA:35,2
DA:38,10
DA:39,4
DA:40,4
DA:43,6
DA:45,3
DA:46,3
DA:47,3
DA:48,3
DA:50,3
DA:54,3
DA:57,3
DA:58,1
DA:59,1
DA:60,1
DA:61,3
DA:62,3
DA:64,1
DA:65,1
DA:69,1
DA:72,2
DA:73,1
DA:74,1
DA:75,8
DA:76,8
DA:78,1
DA:82,1
DA:85,1
DA:88,1
LF:45
LH:45
BRDA:18,0,0,2
BRDA:18,0,1,12
BRDA:28,1,0,2
BRDA:28,1,1,10
BRDA:38,2,0,4
BRDA:38,2,1,6
BRDA:43,3,0,3
BRDA:43,3,1,3
BRDA:57,4,0,1
BRDA:57,4,1,2
BRDA:57,5,0,3
BRDA:57,5,1,3
BRDA:60,6,0,4
BRDA:60,6,1,4
BRDA:72,7,0,1
BRDA:72,7,1,1
BRF:16
BRH:16
end_of_record
