TN:
SF:src\parser.ts
FN:6,parser
FN:9,walk
FNF:2
FNH:2
FNDA:2,parser
FNDA:7,walk
DA:6,1
DA:7,2
DA:10,7
DA:12,7
DA:13,3
DA:15,3
DA:21,4
DA:22,1
DA:24,1
DA:30,3
DA:31,2
DA:33,2
DA:39,2
DA:41,2
DA:45,4
DA:46,4
DA:48,2
DA:49,2
DA:52,1
DA:55,2
DA:60,2
DA:61,3
DA:64,1
LF:23
LH:23
BRDA:12,0,0,3
BRDA:12,0,1,4
BRDA:21,1,0,1
BRDA:21,1,1,3
BRDA:30,2,0,2
BRDA:30,2,1,1
BRDA:30,3,0,3
BRDA:30,3,1,2
BRDA:42,4,0,6
BRDA:42,4,1,3
BRDA:42,4,2,3
BRF:11
BRH:11
end_of_record
TN:
SF:src\tokenizer.ts
FN:11,tokenizer
FNF:1
FNH:1
FNDA:2,tokenizer
DA:5,1
DA:7,1
DA:8,1
DA:9,1
DA:11,1
DA:12,2
DA:13,2
DA:15,2
DA:16,14
DA:18,14
DA:19,2
DA:24,2
DA:25,2
DA:28,12
DA:29,2
DA:34,2
DA:35,2
DA:38,10
DA:39,4
DA:40,4
DA:43,6
DA:44,3
DA:45,3
DA:46,3
DA:47,3
DA:49,3
DA:53,3
DA:56,3
DA:57,1
DA:58,1
DA:59,1
DA:60,3
DA:61,3
DA:63,1
DA:64,1
DA:68,1
DA:71,2
DA:72,1
DA:73,1
DA:74,8
DA:75,8
DA:77,1
DA:81,1
DA:84,1
DA:87,1
LF:45
LH:45
BRDA:18,0,0,2
BRDA:18,0,1,12
BRDA:28,1,0,2
BRDA:28,1,1,10
BRDA:38,2,0,4
BRDA:38,2,1,6
BRDA:43,3,0,3
BRDA:43,3,1,3
BRDA:56,4,0,1
BRDA:56,4,1,2
BRDA:56,5,0,3
BRDA:56,5,1,3
BRDA:59,6,0,4
BRDA:59,6,1,4
BRDA:71,7,0,1
BRDA:71,7,1,1
BRF:16
BRH:16
end_of_record
TN:
SF:src\transformer.ts
FN:4,transformer
FN:17,(anonymous_4)
FN:26,(anonymous_5)
FN:35,(anonymous_6)
FNF:4
FNH:4
FNDA:3,transformer
FNDA:6,(anonymous_4)
FNDA:1,(anonymous_5)
FNDA:4,(anonymous_6)
DA:2,1
DA:4,1
DA:5,3
DA:10,3
DA:15,3
DA:18,6
DA:27,1
DA:38,4
DA:47,4
DA:49,4
DA:53,2
DA:59,4
DA:66,3
DA:72,1
DA:95,1
LF:15
LH:15
BRDA:18,0,0,0
BRDA:18,0,1,6
BRDA:18,1,0,6
BRDA:18,1,1,6
BRDA:18,2,0,0
BRDA:18,2,1,6
BRDA:18,3,0,6
BRDA:18,3,1,6
BRDA:27,4,0,0
BRDA:27,4,1,1
BRDA:27,5,0,1
BRDA:27,5,1,1
BRDA:27,6,0,0
BRDA:27,6,1,1
BRDA:27,7,0,1
BRDA:27,7,1,1
BRDA:49,8,0,2
BRDA:49,8,1,2
BRDA:49,9,0,0
BRDA:49,9,1,4
BRDA:49,10,0,4
BRDA:49,10,1,4
BRDA:59,11,0,0
BRDA:59,11,1,4
BRDA:59,12,0,4
BRDA:59,12,1,4
BRF:26
BRH:20
end_of_record
TN:
SF:src\traverser.ts
FN:6,traverser
FN:9,traverseArray
FN:10,(anonymous_2)
FN:15,traverseNode
FNF:4
FNH:4
FNDA:3,traverser
FNDA:7,traverseArray
FNDA:11,(anonymous_2)
FNDA:14,traverseNode
DA:6,1
DA:10,7
DA:11,11
DA:17,14
DA:20,14
DA:21,11
DA:23,14
DA:25,3
DA:26,3
DA:28,4
DA:29,4
DA:32,7
DA:40,3
DA:42,3
LF:14
LH:14
BRDA:20,0,0,11
BRDA:20,0,1,3
BRDA:20,1,0,14
BRDA:20,1,1,11
BRDA:24,2,0,3
BRDA:24,2,1,4
BRDA:24,2,2,6
BRDA:24,2,3,7
BRF:8
BRH:8
end_of_record
